<?xml version="1.0" encoding="UTF-8"?>
<con:soapui-project id="cb8aabb0-661a-4589-9426-f33d69cd5ce0" activeEnvironment="Default" name="test Microcks" resourceRoot="" soapui-version="5.5.0" xmlns:con="http://eviware.com/soapui/config"><con:settings/><con:interface xsi:type="con:WsdlInterface" id="95a83263-3f68-4755-895b-42b8480e3b33" wsaVersion="NONE" name="ServicioSoap12" type="wsdl" bindingName="{http://tempuri.org/}ServicioSoap12" soapVersion="1_2" anonymous="optional" definition="https://raw.githubusercontent.com/luisQAsis/QAPI/master/startus.wsdl" xmlns:xsi="http://www.w3.org/2001/XMLSchema-instance"><con:settings/><con:endpoints><con:endpoint>http://192.168.56.1:8080/mockServicioSoap12</con:endpoint></con:endpoints><con:operation id="aa228332-940f-4acd-a756-af8f38099dc6" isOneWay="false" action="http://tempuri.org/ActualizaItem" name="ActualizaItem" bindingOperationName="ActualizaItem" type="Request-Response" inputName="" receivesAttachments="false" sendsAttachments="false"><con:settings/></con:operation><con:operation id="0bd5c43b-8b20-4db8-9a43-0a3001500bff" isOneWay="false" action="http://tempuri.org/CancelaItem" name="CancelaItem" bindingOperationName="CancelaItem" type="Request-Response" inputName="" receivesAttachments="false" sendsAttachments="false"><con:settings/></con:operation><con:operation id="56537896-9b60-4313-807e-0a08d4ed9dbd" isOneWay="false" action="http://tempuri.org/HelloWorld" name="HelloWorld" bindingOperationName="HelloWorld" type="Request-Response" inputName="" receivesAttachments="false" sendsAttachments="false"><con:settings/></con:operation><con:operation id="3a5f0ffc-b3ce-41b1-ac6b-4cce439dde08" isOneWay="false" action="http://tempuri.org/ObtenePickUpExistencias" name="ObtenePickUpExistencias" bindingOperationName="ObtenePickUpExistencias" type="Request-Response" inputName="" receivesAttachments="false" sendsAttachments="false"><con:settings/></con:operation><con:operation id="e99adb03-3b41-47c9-96ad-9ea55d9fe105" isOneWay="false" action="http://tempuri.org/ObtenerEmpleado" name="ObtenerEmpleado" bindingOperationName="ObtenerEmpleado" type="Request-Response" inputName="" receivesAttachments="false" sendsAttachments="false"><con:settings/></con:operation><con:operation id="fcd6bf59-b312-499f-89ef-bdf2babe6834" isOneWay="false" action="http://tempuri.org/ObtenerExistencias" name="ObtenerExistencias" bindingOperationName="ObtenerExistencias" type="Request-Response" inputName="" receivesAttachments="false" sendsAttachments="false"><con:settings/></con:operation><con:operation id="5909d1df-c917-4b12-ad60-c5525b5884ee" isOneWay="false" action="http://tempuri.org/ObtenerInfoCuenta" name="ObtenerInfoCuenta" bindingOperationName="ObtenerInfoCuenta" type="Request-Response" inputName="" receivesAttachments="false" sendsAttachments="false"><con:settings/></con:operation><con:operation id="2d370c69-11ca-4b60-ad32-27171ff9b6fc" isOneWay="false" action="http://tempuri.org/ObtenerListaEventosMesaRegalos" name="ObtenerListaEventosMesaRegalos" bindingOperationName="ObtenerListaEventosMesaRegalos" type="Request-Response" inputName="" receivesAttachments="false" sendsAttachments="false"><con:settings/></con:operation><con:operation id="628b6bed-6205-43c5-835d-4f9711ae071b" isOneWay="false" action="http://tempuri.org/ObtenerListaSugerencias" name="ObtenerListaSugerencias" bindingOperationName="ObtenerListaSugerencias" type="Request-Response" inputName="" receivesAttachments="false" sendsAttachments="false"><con:settings/></con:operation><con:operation id="17dfb740-ee0a-42fc-b534-e1bc42aa5828" isOneWay="false" action="http://tempuri.org/ObtenerPlanesPago" name="ObtenerPlanesPago" bindingOperationName="ObtenerPlanesPago" type="Request-Response" inputName="" receivesAttachments="false" sendsAttachments="false"><con:settings/></con:operation><con:operation id="a05bd186-2ef8-4dc5-8550-dad871f43f8f" isOneWay="false" action="http://tempuri.org/ObtenerValidacionCliente" name="ObtenerValidacionCliente" bindingOperationName="ObtenerValidacionCliente" type="Request-Response" inputName="" receivesAttachments="false" sendsAttachments="false"><con:settings/></con:operation><con:operation id="ef8fa49b-0718-46d9-86db-2a126d525f06" isOneWay="false" action="http://tempuri.org/ProcesaStratus" name="ProcesaStratus" bindingOperationName="ProcesaStratus" type="Request-Response" inputName="" receivesAttachments="false" sendsAttachments="false"><con:settings/></con:operation></con:interface><con:interface xsi:type="con:WsdlInterface" id="4f2c5491-de67-4582-914a-0380cd05ee2c" wsaVersion="NONE" name="ServicioSoap" type="wsdl" bindingName="{http://tempuri.org/}ServicioSoap" soapVersion="1_1" anonymous="optional" definition="https://raw.githubusercontent.com/luisQAsis/QAPI/master/startus.wsdl" xmlns:xsi="http://www.w3.org/2001/XMLSchema-instance"><con:settings/><con:endpoints><con:endpoint>http://192.168.56.1:8080/mockServicioSoap</con:endpoint></con:endpoints><con:operation id="28d9a11a-9101-4308-a6e9-f08d4eaf2e2c" isOneWay="false" action="http://tempuri.org/ActualizaItem" name="ActualizaItem" bindingOperationName="ActualizaItem" type="Request-Response" inputName="" receivesAttachments="false" sendsAttachments="false"><con:settings/></con:operation><con:operation id="75b6bf63-4362-4f2d-862f-01e77b4a677d" isOneWay="false" action="http://tempuri.org/CancelaItem" name="CancelaItem" bindingOperationName="CancelaItem" type="Request-Response" inputName="" receivesAttachments="false" sendsAttachments="false"><con:settings/></con:operation><con:operation id="f2fc60bc-b4cd-4170-9323-ac99b0166182" isOneWay="false" action="http://tempuri.org/HelloWorld" name="HelloWorld" bindingOperationName="HelloWorld" type="Request-Response" inputName="" receivesAttachments="false" sendsAttachments="false"><con:settings/></con:operation><con:operation id="7d11171d-4236-4399-865e-6a380597dc6b" isOneWay="false" action="http://tempuri.org/ObtenePickUpExistencias" name="ObtenePickUpExistencias" bindingOperationName="ObtenePickUpExistencias" type="Request-Response" inputName="" receivesAttachments="false" sendsAttachments="false"><con:settings/></con:operation><con:operation id="fd652b9c-d5f6-4eca-b29b-2bf02dc69a7f" isOneWay="false" action="http://tempuri.org/ObtenerEmpleado" name="ObtenerEmpleado" bindingOperationName="ObtenerEmpleado" type="Request-Response" inputName="" receivesAttachments="false" sendsAttachments="false"><con:settings/></con:operation><con:operation id="9ece65ad-237f-46bb-a883-047c7538d7b7" isOneWay="false" action="http://tempuri.org/ObtenerExistencias" name="ObtenerExistencias" bindingOperationName="ObtenerExistencias" type="Request-Response" inputName="" receivesAttachments="false" sendsAttachments="false"><con:settings/></con:operation><con:operation id="6973c5d1-71cf-452e-b245-2ed345da517d" isOneWay="false" action="http://tempuri.org/ObtenerInfoCuenta" name="ObtenerInfoCuenta" bindingOperationName="ObtenerInfoCuenta" type="Request-Response" inputName="" receivesAttachments="false" sendsAttachments="false"><con:settings/></con:operation><con:operation id="fc4b180e-cbf6-42b9-b83f-e93d9e3f617d" isOneWay="false" action="http://tempuri.org/ObtenerListaEventosMesaRegalos" name="ObtenerListaEventosMesaRegalos" bindingOperationName="ObtenerListaEventosMesaRegalos" type="Request-Response" inputName="" receivesAttachments="false" sendsAttachments="false"><con:settings/></con:operation><con:operation id="3afcf995-f54f-4c0b-9b85-a7381d63bfe8" isOneWay="false" action="http://tempuri.org/ObtenerListaSugerencias" name="ObtenerListaSugerencias" bindingOperationName="ObtenerListaSugerencias" type="Request-Response" inputName="" receivesAttachments="false" sendsAttachments="false"><con:settings/></con:operation><con:operation id="d53a34dc-cbf1-4f55-8897-fdbbb8ed0718" isOneWay="false" action="http://tempuri.org/ObtenerPlanesPago" name="ObtenerPlanesPago" bindingOperationName="ObtenerPlanesPago" type="Request-Response" inputName="" receivesAttachments="false" sendsAttachments="false"><con:settings/></con:operation><con:operation id="d510fcb7-8375-4ad2-aefe-4bfca6f794a4" isOneWay="false" action="http://tempuri.org/ObtenerValidacionCliente" name="ObtenerValidacionCliente" bindingOperationName="ObtenerValidacionCliente" type="Request-Response" inputName="" receivesAttachments="false" sendsAttachments="false"><con:settings/></con:operation><con:operation id="434b1bb7-fbc5-4f47-a4f2-eb82b847c7b6" isOneWay="false" action="http://tempuri.org/ProcesaStratus" name="ProcesaStratus" bindingOperationName="ProcesaStratus" type="Request-Response" inputName="" receivesAttachments="false" sendsAttachments="false"><con:settings/></con:operation></con:interface><con:testSuite id="d7641a3b-421f-482a-9ef4-1124eb25e054" name="Stratus TestSuite"><con:settings/><con:runType>SEQUENTIAL</con:runType><con:testCase id="dc75eb61-8879-41c3-8605-39c7eda1b86e" failOnError="true" failTestCaseOnErrors="true" keepSession="false" maxResults="0" name="HelloWorld TestCase" searchProperties="true"><con:settings/><con:testStep type="request" id="26897468-f6a4-4d84-aca7-935ff079b1d8" name="hello Request"><con:settings/><con:config xsi:type="con:RequestStep" xmlns:xsi="http://www.w3.org/2001/XMLSchema-instance"><con:interface>ServicioSoap12</con:interface><con:operation>HelloWorld</con:operation><con:request name="hello Request" id="15a7264d-d553-4237-a888-590d94d733bf"><con:settings><con:setting id="com.eviware.soapui.impl.wsdl.WsdlRequest@request-headers">&lt;xml-fragment/></con:setting></con:settings><con:encoding>UTF-8</con:encoding><con:endpoint>http://192.168.56.1:8080/mockServicioSoap12</con:endpoint><con:request><![CDATA[<soap:Envelope xmlns:soap="http://www.w3.org/2003/05/soap-envelope" xmlns:tem="http://tempuri.org/">
   <soap:Header/>
   <soap:Body>
      <tem:HelloWorld/>
   </soap:Body>
</soap:Envelope>]]></con:request><con:credentials><con:authType>No Authorization</con:authType></con:credentials><con:jmsConfig JMSDeliveryMode="PERSISTENT"/><con:jmsPropertyConfig/><con:wsaConfig action="http://tempuri.org/ServicioSoap/HelloWorldRequest" mustUnderstand="NONE" version="200508"/><con:wsrmConfig version="1.2"/></con:request></con:config></con:testStep><con:testStep type="request" name="stratus Request" id="6ea2a198-026a-4316-8d5c-9bbee62d5936"><con:settings/><con:config xsi:type="con:RequestStep" xmlns:xsi="http://www.w3.org/2001/XMLSchema-instance"><con:interface>ServicioSoap</con:interface><con:operation>ProcesaStratus</con:operation><con:request name="stratus Request" id="58482792-37f4-486a-9bf4-2b33fbc55196"><con:settings/><con:encoding>UTF-8</con:encoding><con:endpoint>http://192.168.56.1:8080/mockServicioSoap</con:endpoint><con:request><![CDATA[<soapenv:Envelope xmlns:soapenv="http://schemas.xmlsoap.org/soap/envelope/" xmlns:tem="http://tempuri.org/">
   <soapenv:Header/>
   <soapenv:Body>
      <tem:ProcesaStratus/>
   </soapenv:Body>
</soapenv:Envelope>]]></con:request><con:assertion type="SOAP Response" id="d5b07e32-8d9f-4e78-bc30-97477607eccb"/><con:credentials><con:authType>No Authorization</con:authType></con:credentials><con:jmsConfig JMSDeliveryMode="PERSISTENT"/><con:jmsPropertyConfig/><con:wsaConfig mustUnderstand="NONE" version="200508"/><con:wsrmConfig version="1.2"/></con:request></con:config></con:testStep><con:properties/></con:testCase><con:testCase id="0f7d85ec-1657-4d3c-af7f-bbac085b4350" failOnError="true" failTestCaseOnErrors="true" keepSession="false" maxResults="0" name="ProcesaStratus TestCase" searchProperties="true"><con:settings/><con:testStep type="request" id="c5e3f78d-de16-4c3e-a5eb-bc70599830d1" name="ProcesaStratus"><con:settings/><con:config xsi:type="con:RequestStep" xmlns:xsi="http://www.w3.org/2001/XMLSchema-instance"><con:interface>ServicioSoap12</con:interface><con:operation>ProcesaStratus</con:operation><con:request name="ProcesaStratus" id="bc6d9a8f-5dc3-4534-9a4f-2b128db5a135"><con:settings/><con:encoding>UTF-8</con:encoding><con:endpoint>http://192.168.56.1:8080/mockServicioSoap12</con:endpoint><con:request><![CDATA[<soap:Envelope xmlns:soap="http://www.w3.org/2003/05/soap-envelope" xmlns:tem="http://tempuri.org/">
   <soap:Header/>
   <soap:Body>
      <tem:ProcesaStratus>
         <!--Optional:-->
         <tem:myInput>
            <!--Optional:-->
            <tem:myEntrada>
               <tem:iTienda>?</tem:iTienda>
               <tem:iTipoTransaccion>?</tem:iTipoTransaccion>
               <!--Optional:-->
               <tem:sNoCuenta>?</tem:sNoCuenta>
               <!--Optional:-->
               <tem:sFechaExp>?</tem:sFechaExp>
               <!--Optional:-->
               <tem:sCVV2>?</tem:sCVV2>
               <tem:iImporte>?</tem:iImporte>
               <!--Optional:-->
               <tem:sCommerceId>?</tem:sCommerceId>
               <tem:dtFecHorEnvio>?</tem:dtFecHorEnvio>
               <!--Optional:-->
               <tem:sUsuario>?</tem:sUsuario>
               <!--Optional:-->
               <tem:sPassword>?</tem:sPassword>
               <!--Optional:-->
               <tem:sConexion>?</tem:sConexion>
               <!--Optional:-->
               <tem:sArrVariables>
                  <!--Zero or more repetitions:-->
                  <tem:string>?</tem:string>
               </tem:sArrVariables>
            </tem:myEntrada>
            <!--Optional:-->
            <tem:myCredencial>
               <tem:Empresa>?</tem:Empresa>
               <!--Optional:-->
               <tem:Usuario>?</tem:Usuario>
               <!--Optional:-->
               <tem:Password>?</tem:Password>
               <!--Optional:-->
               <tem:Fecha>?</tem:Fecha>
               <!--Optional:-->
               <tem:Hash>?</tem:Hash>
               <tem:Permisos>?</tem:Permisos>
            </tem:myCredencial>
         </tem:myInput>
      </tem:ProcesaStratus>
   </soap:Body>
</soap:Envelope>]]></con:request><con:credentials><con:authType>No Authorization</con:authType></con:credentials><con:wsaConfig action="http://tempuri.org/ServicioSoap/ProcesaStratusRequest"/></con:request></con:config></con:testStep><con:properties/></con:testCase><con:properties/></con:testSuite><con:mockService id="33e3c3fd-dd50-437b-af41-8b3395b0ff89" port="8088" path="/mockServicioSoap12" host="luis-ThinkPad-L460" name="Stratus Mock"><con:settings><con:setting id="com.eviware.soapui.impl.wsdl.mock.WsdlMockService@require-soap-action">false</con:setting></con:settings><con:properties><con:property><con:name>version</con:name><con:value>0.2</con:value></con:property></con:properties><con:mockOperation name="HelloWorld" id="598373f9-29dd-4f40-93ee-6fa058f9fbf1" interface="ServicioSoap12" operation="HelloWorld"><con:settings/><con:defaultResponse>Response 1</con:defaultResponse><con:dispatchStyle>SEQUENCE</con:dispatchStyle><con:response name="hello Response" id="09c25d72-698f-4e5a-9cc7-a3b062af9a2b" httpResponseStatus="200" encoding="UTF-8"><con:settings/><con:responseContent><![CDATA[<soap:Envelope xmlns:soap="http://www.w3.org/2003/05/soap-envelope" xmlns:tem="http://tempuri.org/">
   <soap:Header/>
   <soap:Body>
      <tem:HelloWorldResponse>
         <!--Optional:-->
         <tem:HelloWorldResult>?</tem:HelloWorldResult>
      </tem:HelloWorldResponse>
   </soap:Body>
</soap:Envelope>]]></con:responseContent><con:wsaConfig mustUnderstand="NONE" version="200508" action="http://tempuri.org/ServicioSoap/HelloWorldResponse"/></con:response><con:dispatchConfig/></con:mockOperation><con:mockOperation name="ProcesaStratus" id="8cd12963-6762-4936-9c43-dfeb2fa1efc0" interface="ServicioSoap12" operation="ProcesaStratus"><con:settings/><con:defaultResponse>Response 1</con:defaultResponse><con:dispatchStyle>SEQUENCE</con:dispatchStyle><con:response name="stratus Response" id="071cf959-caaa-49b3-bade-16633ad62cc7" httpResponseStatus="200" encoding="UTF-8"><con:settings/><con:responseContent><![CDATA[<soap:Envelope xmlns:soap="http://www.w3.org/2003/05/soap-envelope" xmlns:tem="http://tempuri.org/">
   <soap:Header/>
   <soap:Body>
      <tem:ProcesaStratusResponse>
         <!--Optional:-->
         <tem:ProcesaStratusResult>
            <!--Optional:-->
            <tem:mySalida>
               <!--Optional:-->
               <tem:sMensaje>hola microcks</tem:sMensaje>
               <!--Optional:-->
               <tem:sImporte>?</tem:sImporte>
               <!--Optional:-->
               <tem:sError>?</tem:sError>
               <!--Optional:-->
               <tem:sCodigoRespuesta>?</tem:sCodigoRespuesta>
               <!--Optional:-->
               <tem:sCodigoAutorizacion>?</tem:sCodigoAutorizacion>
            </tem:mySalida>
            <!--Optional:-->
            <tem:myError>
               <tem:Id>?</tem:Id>
               <!--Optional:-->
               <tem:Descripcion>?</tem:Descripcion>
               <!--Optional:-->
               <tem:Mensaje>?</tem:Mensaje>
            </tem:myError>
         </tem:ProcesaStratusResult>
      </tem:ProcesaStratusResponse>
   </soap:Body>
</soap:Envelope>]]></con:responseContent><con:wsaConfig mustUnderstand="NONE" version="200508" action="http://tempuri.org/ServicioSoap/ProcesaStratusResponse"/></con:response><con:dispatchConfig/></con:mockOperation></con:mockService><con:properties/><con:wssContainer/><con:oAuth2ProfileContainer/><con:oAuth1ProfileContainer/></con:soapui-project>